ncvhdl: 15.20-s035: (c) Copyright 1995-2017 Cadence Design Systems, Inc.
DEFINE 413 /afs/umbc.edu/users/t/w/tweir1/home/413/413
|
ncvhdl: *W,DLCPTH (./cds.lib,25): cds.lib Invalid path '/afs/umbc.edu/users/t/w/tweir1/home/413/413' (cds.lib command ignored).
DEFINE lab5 /afs/umbc.edu/users/t/w/tweir1/home/413/lab5
|
ncvhdl: *W,DLCPTH (./cds.lib,28): cds.lib Invalid path '/afs/umbc.edu/users/t/w/tweir1/home/413/lab5' (cds.lib command ignored).
TOOL:	ncvhdl	15.20-s035: Started on Nov 17, 2023 at 13:44:12 EST
ncvhdl
    -messages
    -cdslib cds.lib
    -hdlvar hdl.var
    -smartorder
    generateReadMiss.vhd

DEFINE 413 /afs/umbc.edu/users/t/w/tweir1/home/413/413
|
ncvhdl_p: *W,DLCPTH (./cds.lib,25): cds.lib Invalid path '/afs/umbc.edu/users/t/w/tweir1/home/413/413' (cds.lib command ignored).
DEFINE lab5 /afs/umbc.edu/users/t/w/tweir1/home/413/lab5
|
ncvhdl_p: *W,DLCPTH (./cds.lib,28): cds.lib Invalid path '/afs/umbc.edu/users/t/w/tweir1/home/413/lab5' (cds.lib command ignored).
generateReadMiss.vhd:
	errors: 0, warnings: 0
DEFINE 413 /afs/umbc.edu/users/t/w/tweir1/home/413/413
|
ncvhdl_cg: *W,DLCPTH (./cds.lib,25): cds.lib Invalid path '/afs/umbc.edu/users/t/w/tweir1/home/413/413' (cds.lib command ignored).
DEFINE lab5 /afs/umbc.edu/users/t/w/tweir1/home/413/lab5
|
ncvhdl_cg: *W,DLCPTH (./cds.lib,28): cds.lib Invalid path '/afs/umbc.edu/users/t/w/tweir1/home/413/lab5' (cds.lib command ignored).
VHDL.GENERATEREADMISS (entity):
	streams: 15, words: 954
VHDL.GENERATEREADMISS:STRUCTURAL (architecture):
	streams: 1, words: 1016
TOOL:	ncvhdl	15.20-s035: Exiting on Nov 17, 2023 at 13:44:15 EST  (total: 00:00:03)
